{
  "stats": {
    "suites": 26,
    "tests": 108,
    "passes": 105,
    "pending": 3,
    "failures": 0,
    "start": "2026-06-23T12:07:05.492Z",
    "end": "2026-06-23T12:07:16.833Z",
    "duration": 11341,
    "testsRegistered": 108,
    "passPercent": 100,
    "pendingPercent": 2.7777777777777777,
    "other": 0,
    "hasOther": false,
    "skipped": 0,
    "hasSkipped": false
  },
  "results": [
    {
      "uuid": "d355118f-c666-4112-ae3a-547c95ea882b",
      "title": "",
      "fullFile": "",
      "file": "",
      "beforeHooks": [],
      "afterHooks": [],
      "tests": [],
      "suites": [
        {
          "uuid": "814b7764-798d-43ed-a49a-e6f2e908db0c",
          "title": "Admin Role: Access Control Tests",
          "fullFile": "C:\\Office Folder\\Projects\\Maphy\\Maphy\\automation_tests\\specs\\rbac\\role_api_admin.spec.js",
          "file": "\\specs\\rbac\\role_api_admin.spec.js",
          "beforeHooks": [
            {
              "title": "\"before all\" hook in \"Admin Role: Access Control Tests\"",
              "fullTitle": "Admin Role: Access Control Tests \"before all\" hook in \"Admin Role: Access Control Tests\"",
              "timedOut": false,
              "duration": 558,
              "state": null,
              "speed": null,
              "pass": false,
              "fail": false,
              "pending": false,
              "context": null,
              "code": "const adminCtx = await loginAs('admin');\nclient = adminCtx.client;\napiUrl = adminCtx.apiUrl;\n// Also get super admin client to find the SA group ID within the admin's firm\nconst saCtx = await loginAs('superAdmin');\nsuperClient = saCtx.client;\n// Find Super Admin group ID by having a user with SA access query it in admin's firm\n// We need the SA group within firm_id=6 (the admin's firm), not firm_id=1\n// Admin can't see it, but we can use superClient if it resolves to same firm\n// Better: search for it as admin, if not found use a known name pattern\nconst adminGroupRes = await client.get('/groups', { params: { limit: 50, offset: 0 } });\nconst adminRows = adminGroupRes.data?.rows || [];\n// Admin should NOT see Super Admin — but we need the group's real DB ID\n// We find it by asking the SA client to list groups filtered by firm\n// SA client may be on firm 1 — let's ask the server via a raw query\n// Actually, use the approach: search by name directly on SA client, but SA is firm 1\n// The Super Admin group in the admin's firm was cloned during registration.\n// Since Admin can't see it, we'll obtain it through the SA client if possible,\n// or default to testing via the group name in API attempts with ID 1 as fallback\nsuperAdminGroupId = null; // Will test with known SA group ID if available",
              "err": {},
              "uuid": "0957be05-a501-489c-9bb0-c354274ecd96",
              "parentUUID": "814b7764-798d-43ed-a49a-e6f2e908db0c",
              "isHook": true,
              "skipped": false
            }
          ],
          "afterHooks": [
            {
              "title": "\"after all\" hook in \"Admin Role: Access Control Tests\"",
              "fullTitle": "Admin Role: Access Control Tests \"after all\" hook in \"Admin Role: Access Control Tests\"",
              "timedOut": false,
              "duration": 13,
              "state": null,
              "speed": null,
              "pass": false,
              "fail": false,
              "pending": false,
              "context": null,
              "code": "if (createdGroupId) {\n  await client.delete(`/groups/${createdGroupId}`).catch(() => {});\n}",
              "err": {},
              "uuid": "1b7d083e-2616-48e4-b4a3-5e10a6e8497a",
              "parentUUID": "814b7764-798d-43ed-a49a-e6f2e908db0c",
              "isHook": true,
              "skipped": false
            }
          ],
          "tests": [
            {
              "title": "can list groups (200 OK)",
              "fullTitle": "Admin Role: Access Control Tests can list groups (200 OK)",
              "timedOut": false,
              "duration": 13,
              "state": "passed",
              "speed": "fast",
              "pass": true,
              "fail": false,
              "pending": false,
              "context": null,
              "code": "const res = await client.get('/groups', { params: { limit: 50, offset: 0 } });\nexpectAllowed(res, 'Admin GET /groups');\nexpect(res.data?.rows).to.be.an('array');",
              "err": {},
              "uuid": "3bab487d-ce52-41da-8471-2edaafca060e",
              "parentUUID": "814b7764-798d-43ed-a49a-e6f2e908db0c",
              "isHook": false,
              "skipped": false
            },
            {
              "title": "does NOT see Super Admin group in list",
              "fullTitle": "Admin Role: Access Control Tests does NOT see Super Admin group in list",
              "timedOut": false,
              "duration": 12,
              "state": "passed",
              "speed": "fast",
              "pass": true,
              "fail": false,
              "pending": false,
              "context": null,
              "code": "const res = await client.get('/groups', { params: { limit: 50, offset: 0 } });\nexpectAllowed(res, 'Admin GET /groups');\nassertSuperAdminGroupAbsent(res, 'Admin groups list');",
              "err": {},
              "uuid": "86af7037-7c8b-49b6-9abc-9bbeeea6f0a1",
              "parentUUID": "814b7764-798d-43ed-a49a-e6f2e908db0c",
              "isHook": false,
              "skipped": false
            },
            {
              "title": "does NOT see Super Admin in selectList",
              "fullTitle": "Admin Role: Access Control Tests does NOT see Super Admin in selectList",
              "timedOut": false,
              "duration": 10,
              "state": "passed",
              "speed": "fast",
              "pass": true,
              "fail": false,
              "pending": false,
              "context": null,
              "code": "const res = await client.get('/groups/selectList');\nexpectAllowed(res, 'Admin GET /groups/selectList');\nconst items = res.data?.items || [];\nconst found = items.find(i => i.text?.toLowerCase() === 'super admin');\nexpect(found, 'Super Admin should NOT appear in selectList for Admin').to.be.undefined;",
              "err": {},
              "uuid": "db4ec2ab-e5f5-4c7f-bef4-fea8e9b5f5d0",
              "parentUUID": "814b7764-798d-43ed-a49a-e6f2e908db0c",
              "isHook": false,
              "skipped": false
            },
            {
              "title": "gets 403 when fetching Super Admin group by ID",
              "fullTitle": "Admin Role: Access Control Tests gets 403 when fetching Super Admin group by ID",
              "timedOut": false,
              "duration": 0,
              "state": "pending",
              "speed": null,
              "pass": false,
              "fail": false,
              "pending": true,
              "context": null,
              "code": "if (!superAdminGroupId) return this.skip();\nconst res = await client.get(`/groups/${superAdminGroupId}`);\n// Admin should either get 403 (denied) or the group isn't found (wrong firm ID = 404/empty)\n// Accept 403 or 200 with empty body (group not found in their firm)\nconst isBlocked = res.status === 403;\nconst isHidden = res.status === 200 && !res.data?.id;\nconst isNotFound = res.status === 404;\nexpect(\n  isBlocked || isHidden || isNotFound,\n  `Admin should not be able to access SA group. Got: HTTP ${res.status} — ${JSON.stringify(res.data).slice(0, 100)}`\n).to.be.true;",
              "err": {},
              "uuid": "9456cdf8-bfb7-4e72-a5fb-a52690039f8d",
              "parentUUID": "814b7764-798d-43ed-a49a-e6f2e908db0c",
              "isHook": false,
              "skipped": false
            },
            {
              "title": "gets 403 or 404 when updating Super Admin group",
              "fullTitle": "Admin Role: Access Control Tests gets 403 or 404 when updating Super Admin group",
              "timedOut": false,
              "duration": 0,
              "state": "pending",
              "speed": null,
              "pass": false,
              "fail": false,
              "pending": true,
              "context": null,
              "code": "if (!superAdminGroupId) return this.skip();\nconst res = await client.put(`/groups/${superAdminGroupId}`, {\n  name: 'Hacked Super Admin',\n  permissions: { admin: true }\n});\n// 403 = forbidden, 404 = group not found in this firm (firm isolation prevents access)\nexpect(\n  [403, 404],\n  `Admin should be denied modifying SA group. Got: HTTP ${res.status} — ${JSON.stringify(res.data).slice(0, 100)}`\n).to.include(res.status);",
              "err": {},
              "uuid": "d5c3681a-62c8-4e25-be65-79bec45b411e",
              "parentUUID": "814b7764-798d-43ed-a49a-e6f2e908db0c",
              "isHook": false,
              "skipped": false
            },
            {
              "title": "gets 403 or 404 when deleting Super Admin group",
              "fullTitle": "Admin Role: Access Control Tests gets 403 or 404 when deleting Super Admin group",
              "timedOut": false,
              "duration": 0,
              "state": "pending",
              "speed": null,
              "pass": false,
              "fail": false,
              "pending": true,
              "context": null,
              "code": "if (!superAdminGroupId) return this.skip();\nconst res = await client.delete(`/groups/${superAdminGroupId}`);\n// 403 = forbidden, 404 = group not found in this firm (firm isolation prevents access)\nexpect(\n  [403, 404],\n  `Admin should be denied deleting SA group. Got: HTTP ${res.status} — ${JSON.stringify(res.data).slice(0, 100)}`\n).to.include(res.status);",
              "err": {},
              "uuid": "dea29f6b-47ca-4463-935c-627e2fd6a19b",
              "parentUUID": "814b7764-798d-43ed-a49a-e6f2e908db0c",
              "isHook": false,
              "skipped": false
            },
            {
              "title": "cannot create a group with superuser:1 — it gets stripped",
              "fullTitle": "Admin Role: Access Control Tests cannot create a group with superuser:1 — it gets stripped",
              "timedOut": false,
              "duration": 28,
              "state": "passed",
              "speed": "fast",
              "pass": true,
              "fail": false,
              "pending": false,
              "context": null,
              "code": "const name = `Admin Test Group ${Date.now()}`;\nconst res = await client.post('/groups', {\n  name,\n  permissions: { superuser: '1', admin: true }\n});\nexpectAllowed(res, 'Admin POST /groups (superuser attempt)');\nconst id = res.data?.id || res.data?.payload?.id;\nexpect(id, 'Group ID').to.exist;\ncreatedGroupId = id;\n// Verify superuser was stripped to '0'\n// Admin cannot read back because the group is now regular (no superuser), so this works\nconst fetchRes = await client.get(`/groups/${id}`);\nif (fetchRes.status === 200) {\n  const perms = fetchRes.data?.permissions;\n  expect(perms?.superuser).to.be.oneOf(['0', 0, false, undefined, null]);\n}",
              "err": {},
              "uuid": "b99c3d0a-bb90-40f0-a0a7-952bac93443b",
              "parentUUID": "814b7764-798d-43ed-a49a-e6f2e908db0c",
              "isHook": false,
              "skipped": false
            },
            {
              "title": "can list users",
              "fullTitle": "Admin Role: Access Control Tests can list users",
              "timedOut": false,
              "duration": 36,
              "state": "passed",
              "speed": "fast",
              "pass": true,
              "fail": false,
              "pending": false,
              "context": null,
              "code": "const res = await client.get('/users', { params: { limit: 5, offset: 0 } });\nexpectAllowed(res, 'Admin GET /users');",
              "err": {},
              "uuid": "bc35dfcb-b1af-4ec8-9b2d-8d8298943790",
              "parentUUID": "814b7764-798d-43ed-a49a-e6f2e908db0c",
              "isHook": false,
              "skipped": false
            },
            {
              "title": "can list hardware/assets",
              "fullTitle": "Admin Role: Access Control Tests can list hardware/assets",
              "timedOut": false,
              "duration": 37,
              "state": "passed",
              "speed": "fast",
              "pass": true,
              "fail": false,
              "pending": false,
              "context": null,
              "code": "const res = await client.get('/hardware', { params: { limit: 5, offset: 0 } });\nexpectAllowed(res, 'Admin GET /hardware');",
              "err": {},
              "uuid": "ae8013fb-4b53-4e46-aa30-5773d9c97542",
              "parentUUID": "814b7764-798d-43ed-a49a-e6f2e908db0c",
              "isHook": false,
              "skipped": false
            },
            {
              "title": "can list accessories",
              "fullTitle": "Admin Role: Access Control Tests can list accessories",
              "timedOut": false,
              "duration": 19,
              "state": "passed",
              "speed": "fast",
              "pass": true,
              "fail": false,
              "pending": false,
              "context": null,
              "code": "const res = await client.get('/accessories', { params: { limit: 5, offset: 0 } });\nexpectAllowed(res, 'Admin GET /accessories');",
              "err": {},
              "uuid": "652f2548-7a3e-4c7e-aaf6-deac92601714",
              "parentUUID": "814b7764-798d-43ed-a49a-e6f2e908db0c",
              "isHook": false,
              "skipped": false
            },
            {
              "title": "can list consumables",
              "fullTitle": "Admin Role: Access Control Tests can list consumables",
              "timedOut": false,
              "duration": 16,
              "state": "passed",
              "speed": "fast",
              "pass": true,
              "fail": false,
              "pending": false,
              "context": null,
              "code": "const res = await client.get('/consumables', { params: { limit: 5, offset: 0 } });\nexpectAllowed(res, 'Admin GET /consumables');",
              "err": {},
              "uuid": "d1ed6cf8-d611-4cd0-9f73-bb9eaf15413f",
              "parentUUID": "814b7764-798d-43ed-a49a-e6f2e908db0c",
              "isHook": false,
              "skipped": false
            },
            {
              "title": "can list licenses",
              "fullTitle": "Admin Role: Access Control Tests can list licenses",
              "timedOut": false,
              "duration": 20,
              "state": "passed",
              "speed": "fast",
              "pass": true,
              "fail": false,
              "pending": false,
              "context": null,
              "code": "const res = await client.get('/licenses', { params: { limit: 5, offset: 0 } });\nexpectAllowed(res, 'Admin GET /licenses');",
              "err": {},
              "uuid": "684d749b-a863-4581-b265-6f646143cb06",
              "parentUUID": "814b7764-798d-43ed-a49a-e6f2e908db0c",
              "isHook": false,
              "skipped": false
            },
            {
              "title": "can list components",
              "fullTitle": "Admin Role: Access Control Tests can list components",
              "timedOut": false,
              "duration": 18,
              "state": "passed",
              "speed": "fast",
              "pass": true,
              "fail": false,
              "pending": false,
              "context": null,
              "code": "const res = await client.get('/components', { params: { limit: 5, offset: 0 } });\nexpectAllowed(res, 'Admin GET /components');",
              "err": {},
              "uuid": "ff360c39-3568-4218-a361-2977f84fbf6f",
              "parentUUID": "814b7764-798d-43ed-a49a-e6f2e908db0c",
              "isHook": false,
              "skipped": false
            },
            {
              "title": "can list companies",
              "fullTitle": "Admin Role: Access Control Tests can list companies",
              "timedOut": false,
              "duration": 10,
              "state": "passed",
              "speed": "fast",
              "pass": true,
              "fail": false,
              "pending": false,
              "context": null,
              "code": "const res = await client.get('/companies', { params: { limit: 5, offset: 0 } });\nexpectAllowed(res, 'Admin GET /companies');",
              "err": {},
              "uuid": "49b9f192-f7b2-45c6-878a-518b24462f67",
              "parentUUID": "814b7764-798d-43ed-a49a-e6f2e908db0c",
              "isHook": false,
              "skipped": false
            },
            {
              "title": "can list locations",
              "fullTitle": "Admin Role: Access Control Tests can list locations",
              "timedOut": false,
              "duration": 11,
              "state": "passed",
              "speed": "fast",
              "pass": true,
              "fail": false,
              "pending": false,
              "context": null,
              "code": "const res = await client.get('/locations', { params: { limit: 5, offset: 0 } });\nexpectAllowed(res, 'Admin GET /locations');",
              "err": {},
              "uuid": "9f1c1f4f-fdfc-442d-b964-b5f656c140be",
              "parentUUID": "814b7764-798d-43ed-a49a-e6f2e908db0c",
              "isHook": false,
              "skipped": false
            },
            {
              "title": "can list departments",
              "fullTitle": "Admin Role: Access Control Tests can list departments",
              "timedOut": false,
              "duration": 13,
              "state": "passed",
              "speed": "fast",
              "pass": true,
              "fail": false,
              "pending": false,
              "context": null,
              "code": "const res = await client.get('/departments', { params: { limit: 5, offset: 0 } });\nexpectAllowed(res, 'Admin GET /departments');",
              "err": {},
              "uuid": "8160ad0e-9e03-45c1-8588-60692b0fba26",
              "parentUUID": "814b7764-798d-43ed-a49a-e6f2e908db0c",
              "isHook": false,
              "skipped": false
            },
            {
              "title": "can list manufacturers",
              "fullTitle": "Admin Role: Access Control Tests can list manufacturers",
              "timedOut": false,
              "duration": 7,
              "state": "passed",
              "speed": "fast",
              "pass": true,
              "fail": false,
              "pending": false,
              "context": null,
              "code": "const res = await client.get('/manufacturers', { params: { limit: 5, offset: 0 } });\nexpectAllowed(res, 'Admin GET /manufacturers');",
              "err": {},
              "uuid": "93ffab03-d5f0-4b0a-aa44-1c4babf091e4",
              "parentUUID": "814b7764-798d-43ed-a49a-e6f2e908db0c",
              "isHook": false,
              "skipped": false
            },
            {
              "title": "can list suppliers",
              "fullTitle": "Admin Role: Access Control Tests can list suppliers",
              "timedOut": false,
              "duration": 7,
              "state": "passed",
              "speed": "fast",
              "pass": true,
              "fail": false,
              "pending": false,
              "context": null,
              "code": "const res = await client.get('/suppliers', { params: { limit: 5, offset: 0 } });\nexpectAllowed(res, 'Admin GET /suppliers');",
              "err": {},
              "uuid": "f5d1283f-b3b8-4cdc-8974-728bb4168728",
              "parentUUID": "814b7764-798d-43ed-a49a-e6f2e908db0c",
              "isHook": false,
              "skipped": false
            },
            {
              "title": "can list categories",
              "fullTitle": "Admin Role: Access Control Tests can list categories",
              "timedOut": false,
              "duration": 7,
              "state": "passed",
              "speed": "fast",
              "pass": true,
              "fail": false,
              "pending": false,
              "context": null,
              "code": "const res = await client.get('/categories', { params: { limit: 5, offset: 0 } });\nexpectAllowed(res, 'Admin GET /categories');",
              "err": {},
              "uuid": "36ace023-5daa-4033-9f0e-6734e0c2a6d6",
              "parentUUID": "814b7764-798d-43ed-a49a-e6f2e908db0c",
              "isHook": false,
              "skipped": false
            },
            {
              "title": "can list status labels",
              "fullTitle": "Admin Role: Access Control Tests can list status labels",
              "timedOut": false,
              "duration": 10,
              "state": "passed",
              "speed": "fast",
              "pass": true,
              "fail": false,
              "pending": false,
              "context": null,
              "code": "const res = await client.get('/statuslabels', { params: { limit: 5, offset: 0 } });\nexpectAllowed(res, 'Admin GET /statuslabels');",
              "err": {},
              "uuid": "2992763b-a87a-4343-bdf5-c0329fd46772",
              "parentUUID": "814b7764-798d-43ed-a49a-e6f2e908db0c",
              "isHook": false,
              "skipped": false
            },
            {
              "title": "can list models",
              "fullTitle": "Admin Role: Access Control Tests can list models",
              "timedOut": false,
              "duration": 12,
              "state": "passed",
              "speed": "fast",
              "pass": true,
              "fail": false,
              "pending": false,
              "context": null,
              "code": "const res = await client.get('/models', { params: { limit: 5, offset: 0 } });\nexpectAllowed(res, 'Admin GET /models');",
              "err": {},
              "uuid": "292ff84a-b471-4b21-8917-f062c9f3c7bc",
              "parentUUID": "814b7764-798d-43ed-a49a-e6f2e908db0c",
              "isHook": false,
              "skipped": false
            },
            {
              "title": "can list depreciations",
              "fullTitle": "Admin Role: Access Control Tests can list depreciations",
              "timedOut": false,
              "duration": 9,
              "state": "passed",
              "speed": "fast",
              "pass": true,
              "fail": false,
              "pending": false,
              "context": null,
              "code": "const res = await client.get('/depreciations', { params: { limit: 5, offset: 0 } });\nexpectAllowed(res, 'Admin GET /depreciations');",
              "err": {},
              "uuid": "7d28df5f-445c-4acf-930a-9f6b740e730c",
              "parentUUID": "814b7764-798d-43ed-a49a-e6f2e908db0c",
              "isHook": false,
              "skipped": false
            },
            {
              "title": "can access activity reports",
              "fullTitle": "Admin Role: Access Control Tests can access activity reports",
              "timedOut": false,
              "duration": 11,
              "state": "passed",
              "speed": "fast",
              "pass": true,
              "fail": false,
              "pending": false,
              "context": null,
              "code": "const res = await client.get('/reports/activity', { params: { limit: 5, offset: 0 } });\nexpectAllowed(res, 'Admin GET /reports/activity');",
              "err": {},
              "uuid": "9476f663-7c4d-474b-80f9-1ad930830cf8",
              "parentUUID": "814b7764-798d-43ed-a49a-e6f2e908db0c",
              "isHook": false,
              "skipped": false
            },
            {
              "title": "does NOT see superuser users in user list",
              "fullTitle": "Admin Role: Access Control Tests does NOT see superuser users in user list",
              "timedOut": false,
              "duration": 23,
              "state": "passed",
              "speed": "fast",
              "pass": true,
              "fail": false,
              "pending": false,
              "context": null,
              "code": "const res = await client.get('/users', { params: { limit: 100, offset: 0 } });\nexpectAllowed(res, 'Admin GET /users (isolation)');\nconst rows = res.data?.rows || [];\n// Check none of the returned users have superuser permission\nfor (const u of rows) {\n  const perms = typeof u.permissions === 'string' ? JSON.parse(u.permissions || '{}') : (u.permissions || {});\n  const isSuperuser = perms?.superuser === '1' || perms?.superuser === 1 || perms?.superuser === true;\n  expect(isSuperuser, `User ${u.email} should not be a superuser visible to admin`).to.be.false;\n}",
              "err": {},
              "uuid": "84e21f0f-a60d-4eba-b1e9-b8cf121a32c4",
              "parentUUID": "814b7764-798d-43ed-a49a-e6f2e908db0c",
              "isHook": false,
              "skipped": false
            }
          ],
          "suites": [],
          "passes": [
            "3bab487d-ce52-41da-8471-2edaafca060e",
            "86af7037-7c8b-49b6-9abc-9bbeeea6f0a1",
            "db4ec2ab-e5f5-4c7f-bef4-fea8e9b5f5d0",
            "b99c3d0a-bb90-40f0-a0a7-952bac93443b",
            "bc35dfcb-b1af-4ec8-9b2d-8d8298943790",
            "ae8013fb-4b53-4e46-aa30-5773d9c97542",
            "652f2548-7a3e-4c7e-aaf6-deac92601714",
            "d1ed6cf8-d611-4cd0-9f73-bb9eaf15413f",
            "684d749b-a863-4581-b265-6f646143cb06",
            "ff360c39-3568-4218-a361-2977f84fbf6f",
            "49b9f192-f7b2-45c6-878a-518b24462f67",
            "9f1c1f4f-fdfc-442d-b964-b5f656c140be",
            "8160ad0e-9e03-45c1-8588-60692b0fba26",
            "93ffab03-d5f0-4b0a-aa44-1c4babf091e4",
            "f5d1283f-b3b8-4cdc-8974-728bb4168728",
            "36ace023-5daa-4033-9f0e-6734e0c2a6d6",
            "2992763b-a87a-4343-bdf5-c0329fd46772",
            "292ff84a-b471-4b21-8917-f062c9f3c7bc",
            "7d28df5f-445c-4acf-930a-9f6b740e730c",
            "9476f663-7c4d-474b-80f9-1ad930830cf8",
            "84e21f0f-a60d-4eba-b1e9-b8cf121a32c4"
          ],
          "failures": [],
          "pending": [
            "9456cdf8-bfb7-4e72-a5fb-a52690039f8d",
            "d5c3681a-62c8-4e25-be65-79bec45b411e",
            "dea29f6b-47ca-4463-935c-627e2fd6a19b"
          ],
          "skipped": [],
          "duration": 329,
          "root": false,
          "rootEmpty": false,
          "_timeout": 60000
        },
        {
          "uuid": "b962004d-f7cd-44f8-915a-b505219b6e80",
          "title": "Manager Role: Access Control Tests",
          "fullFile": "C:\\Office Folder\\Projects\\Maphy\\Maphy\\automation_tests\\specs\\rbac\\role_api_manager.spec.js",
          "file": "\\specs\\rbac\\role_api_manager.spec.js",
          "beforeHooks": [
            {
              "title": "\"before all\" hook in \"Manager Role: Access Control Tests\"",
              "fullTitle": "Manager Role: Access Control Tests \"before all\" hook in \"Manager Role: Access Control Tests\"",
              "timedOut": false,
              "duration": 142,
              "state": null,
              "speed": null,
              "pass": false,
              "fail": false,
              "pending": false,
              "context": null,
              "code": "const ctx = await loginAs('manager');\nclient = ctx.client;\napiUrl = ctx.apiUrl;",
              "err": {},
              "uuid": "3ba1f48d-57a7-4011-91c1-892bca6e91c4",
              "parentUUID": "b962004d-f7cd-44f8-915a-b505219b6e80",
              "isHook": true,
              "skipped": false
            }
          ],
          "afterHooks": [],
          "tests": [
            {
              "title": "can read groups list (response is 200 or 403 based on permissions)",
              "fullTitle": "Manager Role: Access Control Tests can read groups list (response is 200 or 403 based on permissions)",
              "timedOut": false,
              "duration": 7,
              "state": "passed",
              "speed": "fast",
              "pass": true,
              "fail": false,
              "pending": false,
              "context": null,
              "code": "const res = await client.get('/groups', { params: { limit: 10, offset: 0 } });\nexpect(res.status).to.be.lessThan(500);",
              "err": {},
              "uuid": "23ddad69-c284-4a72-b022-f267fd782327",
              "parentUUID": "b962004d-f7cd-44f8-915a-b505219b6e80",
              "isHook": false,
              "skipped": false
            },
            {
              "title": "cannot create a group without edit_group_permissions",
              "fullTitle": "Manager Role: Access Control Tests cannot create a group without edit_group_permissions",
              "timedOut": false,
              "duration": 6,
              "state": "passed",
              "speed": "fast",
              "pass": true,
              "fail": false,
              "pending": false,
              "context": null,
              "code": "const res = await client.post('/groups', {\n  name: `Manager Group Attempt ${Date.now()}`,\n  permissions: { assetsview: true }\n});\n// Manager's group has edit_group_permissions: false → should be 403\nexpectDenied(res, 'Manager POST /groups');",
              "err": {},
              "uuid": "2e77c443-5025-40ee-b6eb-36b983782703",
              "parentUUID": "b962004d-f7cd-44f8-915a-b505219b6e80",
              "isHook": false,
              "skipped": false
            },
            {
              "title": "cannot update a group without edit_group_permissions",
              "fullTitle": "Manager Role: Access Control Tests cannot update a group without edit_group_permissions",
              "timedOut": false,
              "duration": 12,
              "state": "passed",
              "speed": "fast",
              "pass": true,
              "fail": false,
              "pending": false,
              "context": null,
              "code": "// Attempt to update any group\nconst listRes = await client.get('/groups', { params: { limit: 5, offset: 0 } });\nconst firstGroup = listRes.data?.rows?.[0];\nif (!firstGroup) return this.skip();\nconst res = await client.put(`/groups/${firstGroup.id}`, {\n  name: firstGroup.name,\n  permissions: firstGroup.permissions\n});\nexpectDenied(res, `Manager PUT /groups/${firstGroup.id}`);",
              "err": {},
              "uuid": "2e910794-5d25-4f28-aa7c-1d48a20d2033",
              "parentUUID": "b962004d-f7cd-44f8-915a-b505219b6e80",
              "isHook": false,
              "skipped": false
            },
            {
              "title": "cannot delete a group without edit_group_permissions",
              "fullTitle": "Manager Role: Access Control Tests cannot delete a group without edit_group_permissions",
              "timedOut": false,
              "duration": 13,
              "state": "passed",
              "speed": "fast",
              "pass": true,
              "fail": false,
              "pending": false,
              "context": null,
              "code": "const listRes = await client.get('/groups', { params: { limit: 5, offset: 0 } });\nconst firstGroup = listRes.data?.rows?.[0];\nif (!firstGroup) return this.skip();\nconst res = await client.delete(`/groups/${firstGroup.id}`);\nexpectDenied(res, `Manager DELETE /groups/${firstGroup.id}`);",
              "err": {},
              "uuid": "752b464c-c099-4445-a30f-74bcc8d266b7",
              "parentUUID": "b962004d-f7cd-44f8-915a-b505219b6e80",
              "isHook": false,
              "skipped": false
            },
            {
              "title": "groups selectList does NOT contain superuser groups",
              "fullTitle": "Manager Role: Access Control Tests groups selectList does NOT contain superuser groups",
              "timedOut": false,
              "duration": 7,
              "state": "passed",
              "speed": "fast",
              "pass": true,
              "fail": false,
              "pending": false,
              "context": null,
              "code": "const res = await client.get('/groups/selectList');\nif (res.status === 200) {\n  const items = res.data?.items || [];\n  const superGroup = items.find(i => i.text?.toLowerCase() === 'super admin');\n  expect(superGroup, 'Super Admin should NOT appear in manager selectList').to.be.undefined;\n}\n// 403 is also acceptable — manager may not have read access to selectList\nexpect(res.status).to.be.lessThan(500);",
              "err": {},
              "uuid": "20acdfce-f3e4-4345-8192-535e62904c29",
              "parentUUID": "b962004d-f7cd-44f8-915a-b505219b6e80",
              "isHook": false,
              "skipped": false
            },
            {
              "title": "can read dashboard chart",
              "fullTitle": "Manager Role: Access Control Tests can read dashboard chart",
              "timedOut": false,
              "duration": 11,
              "state": "passed",
              "speed": "fast",
              "pass": true,
              "fail": false,
              "pending": false,
              "context": null,
              "code": "const res = await client.get('/users/chart');\nexpectAllowed(res, 'Manager GET /users/chart');",
              "err": {},
              "uuid": "d565c85b-5dec-497b-8c52-2220b7e2b07f",
              "parentUUID": "b962004d-f7cd-44f8-915a-b505219b6e80",
              "isHook": false,
              "skipped": false
            },
            {
              "title": "can read locations selectList (branches_dropdown)",
              "fullTitle": "Manager Role: Access Control Tests can read locations selectList (branches_dropdown)",
              "timedOut": false,
              "duration": 9,
              "state": "passed",
              "speed": "fast",
              "pass": true,
              "fail": false,
              "pending": false,
              "context": null,
              "code": "const res = await client.get('/locations/selectList', { params: { page: 1 } });\n// May be 200 or 403 depending on branches_dropdown permission\nexpect(res.status).to.be.lessThan(500);",
              "err": {},
              "uuid": "6d1d6a1a-3b62-451f-aba7-5433576ec4b2",
              "parentUUID": "b962004d-f7cd-44f8-915a-b505219b6e80",
              "isHook": false,
              "skipped": false
            },
            {
              "title": "access-controls endpoint returns non-500 (may be 200 or 403)",
              "fullTitle": "Manager Role: Access Control Tests access-controls endpoint returns non-500 (may be 200 or 403)",
              "timedOut": false,
              "duration": 8,
              "state": "passed",
              "speed": "fast",
              "pass": true,
              "fail": false,
              "pending": false,
              "context": null,
              "code": "// The manager's group has admin: true so they may be able to GET this\n// We just ensure no server crash\nconst res = await client.get('/admin/access-controls');\nexpect(res.status).to.be.lessThan(500);",
              "err": {},
              "uuid": "c8f9d114-0065-4d96-ac94-f92ee8d9fdf3",
              "parentUUID": "b962004d-f7cd-44f8-915a-b505219b6e80",
              "isHook": false,
              "skipped": false
            },
            {
              "title": "manager cannot see Super Admin group by name in any list",
              "fullTitle": "Manager Role: Access Control Tests manager cannot see Super Admin group by name in any list",
              "timedOut": false,
              "duration": 18,
              "state": "passed",
              "speed": "fast",
              "pass": true,
              "fail": false,
              "pending": false,
              "context": null,
              "code": "const res = await client.get('/groups', { params: { limit: 50, offset: 0 } });\nif (res.status === 200) {\n  const rows = res.data?.rows || [];\n  const found = rows.find(r => r.name?.toLowerCase() === 'super admin');\n  expect(found, 'Super Admin group should NOT be visible to Manager').to.be.undefined;\n}\n// 403 is fine too\nexpect(res.status).to.be.lessThan(500);",
              "err": {},
              "uuid": "f123d37c-94e1-49ea-bd31-3f03ec07a230",
              "parentUUID": "b962004d-f7cd-44f8-915a-b505219b6e80",
              "isHook": false,
              "skipped": false
            }
          ],
          "suites": [],
          "passes": [
            "23ddad69-c284-4a72-b022-f267fd782327",
            "2e77c443-5025-40ee-b6eb-36b983782703",
            "2e910794-5d25-4f28-aa7c-1d48a20d2033",
            "752b464c-c099-4445-a30f-74bcc8d266b7",
            "20acdfce-f3e4-4345-8192-535e62904c29",
            "d565c85b-5dec-497b-8c52-2220b7e2b07f",
            "6d1d6a1a-3b62-451f-aba7-5433576ec4b2",
            "c8f9d114-0065-4d96-ac94-f92ee8d9fdf3",
            "f123d37c-94e1-49ea-bd31-3f03ec07a230"
          ],
          "failures": [],
          "pending": [],
          "skipped": [],
          "duration": 91,
          "root": false,
          "rootEmpty": false,
          "_timeout": 60000
        },
        {
          "uuid": "481dec55-08bd-4247-b3a7-5ee34939b4b7",
          "title": "Super Admin: Full API Access Tests",
          "fullFile": "C:\\Office Folder\\Projects\\Maphy\\Maphy\\automation_tests\\specs\\rbac\\role_api_super_admin.spec.js",
          "file": "\\specs\\rbac\\role_api_super_admin.spec.js",
          "beforeHooks": [
            {
              "title": "\"before all\" hook in \"Super Admin: Full API Access Tests\"",
              "fullTitle": "Super Admin: Full API Access Tests \"before all\" hook in \"Super Admin: Full API Access Tests\"",
              "timedOut": false,
              "duration": 1,
              "state": null,
              "speed": null,
              "pass": false,
              "fail": false,
              "pending": false,
              "context": null,
              "code": "const ctx = await loginAs('superAdmin');\nclient = ctx.client;\napiUrl = ctx.apiUrl;",
              "err": {},
              "uuid": "668c2b02-c012-4848-8c04-536f10b7845e",
              "parentUUID": "481dec55-08bd-4247-b3a7-5ee34939b4b7",
              "isHook": true,
              "skipped": false
            }
          ],
          "afterHooks": [],
          "tests": [
            {
              "title": "can list users",
              "fullTitle": "Super Admin: Full API Access Tests can list users",
              "timedOut": false,
              "duration": 24,
              "state": "passed",
              "speed": "fast",
              "pass": true,
              "fail": false,
              "pending": false,
              "context": null,
              "code": "const res = await client.get('/users', { params: { limit: 5, offset: 0 } });\nexpectAllowed(res, 'SA GET /users');\nexpect(res.data?.rows, 'Users list should have rows').to.be.an('array');",
              "err": {},
              "uuid": "11bcfd85-cb74-4130-936a-1e952eb20eff",
              "parentUUID": "481dec55-08bd-4247-b3a7-5ee34939b4b7",
              "isHook": false,
              "skipped": false
            },
            {
              "title": "can list groups and SEES Super Admin group",
              "fullTitle": "Super Admin: Full API Access Tests can list groups and SEES Super Admin group",
              "timedOut": false,
              "duration": 10,
              "state": "passed",
              "speed": "fast",
              "pass": true,
              "fail": false,
              "pending": false,
              "context": null,
              "code": "const res = await client.get('/groups', { params: { limit: 50, offset: 0 } });\nexpectAllowed(res, 'SA GET /groups');\nassertSuperAdminGroupPresent(res, 'SA groups list');\nconst rows = res.data?.rows || [];\nconst saGroup = rows.find(g => g.name?.toLowerCase() === 'super admin');\nif (saGroup) superAdminGroupId = saGroup.id;",
              "err": {},
              "uuid": "d2151bb6-ffb7-4fc7-85ad-27da6d355b17",
              "parentUUID": "481dec55-08bd-4247-b3a7-5ee34939b4b7",
              "isHook": false,
              "skipped": false
            },
            {
              "title": "can fetch Super Admin group by ID",
              "fullTitle": "Super Admin: Full API Access Tests can fetch Super Admin group by ID",
              "timedOut": false,
              "duration": 10,
              "state": "passed",
              "speed": "fast",
              "pass": true,
              "fail": false,
              "pending": false,
              "context": null,
              "code": "if (!superAdminGroupId) this.skip();\nconst res = await client.get(`/groups/${superAdminGroupId}`);\nexpectAllowed(res, `SA GET /groups/${superAdminGroupId}`);\nexpect(res.data?.name?.toLowerCase()).to.include('super admin');",
              "err": {},
              "uuid": "26d84f0b-06ed-4cbe-b935-8bd9606014f6",
              "parentUUID": "481dec55-08bd-4247-b3a7-5ee34939b4b7",
              "isHook": false,
              "skipped": false
            },
            {
              "title": "can access groups selectList",
              "fullTitle": "Super Admin: Full API Access Tests can access groups selectList",
              "timedOut": false,
              "duration": 7,
              "state": "passed",
              "speed": "fast",
              "pass": true,
              "fail": false,
              "pending": false,
              "context": null,
              "code": "const res = await client.get('/groups/selectList');\nexpectAllowed(res, 'SA GET /groups/selectList');\nexpect(res.data?.items).to.be.an('array');\n// Super Admin group should appear in selectList for SA\nconst found = res.data.items.find(i => i.text?.toLowerCase() === 'super admin');\nexpect(found, 'Super Admin should appear in selectList for SA').to.not.be.undefined;",
              "err": {},
              "uuid": "b9b3d5ab-273a-4517-b5c2-331b7045c9ca",
              "parentUUID": "481dec55-08bd-4247-b3a7-5ee34939b4b7",
              "isHook": false,
              "skipped": false
            },
            {
              "title": "can list hardware/assets",
              "fullTitle": "Super Admin: Full API Access Tests can list hardware/assets",
              "timedOut": false,
              "duration": 41,
              "state": "passed",
              "speed": "medium",
              "pass": true,
              "fail": false,
              "pending": false,
              "context": null,
              "code": "const res = await client.get('/hardware', { params: { limit: 5, offset: 0 } });\nexpectAllowed(res, 'SA GET /hardware');",
              "err": {},
              "uuid": "98a25ec1-ae9f-4c45-b37f-1f84c4471cf7",
              "parentUUID": "481dec55-08bd-4247-b3a7-5ee34939b4b7",
              "isHook": false,
              "skipped": false
            },
            {
              "title": "can list accessories",
              "fullTitle": "Super Admin: Full API Access Tests can list accessories",
              "timedOut": false,
              "duration": 18,
              "state": "passed",
              "speed": "fast",
              "pass": true,
              "fail": false,
              "pending": false,
              "context": null,
              "code": "const res = await client.get('/accessories', { params: { limit: 5, offset: 0 } });\nexpectAllowed(res, 'SA GET /accessories');",
              "err": {},
              "uuid": "7ec57947-025e-4d34-a207-66e77008b52d",
              "parentUUID": "481dec55-08bd-4247-b3a7-5ee34939b4b7",
              "isHook": false,
              "skipped": false
            },
            {
              "title": "can list consumables",
              "fullTitle": "Super Admin: Full API Access Tests can list consumables",
              "timedOut": false,
              "duration": 16,
              "state": "passed",
              "speed": "fast",
              "pass": true,
              "fail": false,
              "pending": false,
              "context": null,
              "code": "const res = await client.get('/consumables', { params: { limit: 5, offset: 0 } });\nexpectAllowed(res, 'SA GET /consumables');",
              "err": {},
              "uuid": "16681253-2d4d-4aec-94fb-3dfe95f7b4a2",
              "parentUUID": "481dec55-08bd-4247-b3a7-5ee34939b4b7",
              "isHook": false,
              "skipped": false
            },
            {
              "title": "can list licenses",
              "fullTitle": "Super Admin: Full API Access Tests can list licenses",
              "timedOut": false,
              "duration": 14,
              "state": "passed",
              "speed": "fast",
              "pass": true,
              "fail": false,
              "pending": false,
              "context": null,
              "code": "const res = await client.get('/licenses', { params: { limit: 5, offset: 0 } });\nexpectAllowed(res, 'SA GET /licenses');",
              "err": {},
              "uuid": "4eac0103-457a-4f5a-b95a-cb9a1aa14382",
              "parentUUID": "481dec55-08bd-4247-b3a7-5ee34939b4b7",
              "isHook": false,
              "skipped": false
            },
            {
              "title": "can list components",
              "fullTitle": "Super Admin: Full API Access Tests can list components",
              "timedOut": false,
              "duration": 15,
              "state": "passed",
              "speed": "fast",
              "pass": true,
              "fail": false,
              "pending": false,
              "context": null,
              "code": "const res = await client.get('/components', { params: { limit: 5, offset: 0 } });\nexpectAllowed(res, 'SA GET /components');",
              "err": {},
              "uuid": "3316f7e0-0c08-4004-afa6-6f9939417d7b",
              "parentUUID": "481dec55-08bd-4247-b3a7-5ee34939b4b7",
              "isHook": false,
              "skipped": false
            },
            {
              "title": "can list companies",
              "fullTitle": "Super Admin: Full API Access Tests can list companies",
              "timedOut": false,
              "duration": 10,
              "state": "passed",
              "speed": "fast",
              "pass": true,
              "fail": false,
              "pending": false,
              "context": null,
              "code": "const res = await client.get('/companies', { params: { limit: 5, offset: 0 } });\nexpectAllowed(res, 'SA GET /companies');",
              "err": {},
              "uuid": "c68fbe62-9b58-4af3-a951-84bdfc46ee32",
              "parentUUID": "481dec55-08bd-4247-b3a7-5ee34939b4b7",
              "isHook": false,
              "skipped": false
            },
            {
              "title": "can list locations (branch locations)",
              "fullTitle": "Super Admin: Full API Access Tests can list locations (branch locations)",
              "timedOut": false,
              "duration": 11,
              "state": "passed",
              "speed": "fast",
              "pass": true,
              "fail": false,
              "pending": false,
              "context": null,
              "code": "const res = await client.get('/locations', { params: { limit: 5, offset: 0 } });\nexpectAllowed(res, 'SA GET /locations');",
              "err": {},
              "uuid": "d95d65fd-ef2f-4dd4-8379-1c95f1bd5795",
              "parentUUID": "481dec55-08bd-4247-b3a7-5ee34939b4b7",
              "isHook": false,
              "skipped": false
            },
            {
              "title": "can list departments",
              "fullTitle": "Super Admin: Full API Access Tests can list departments",
              "timedOut": false,
              "duration": 10,
              "state": "passed",
              "speed": "fast",
              "pass": true,
              "fail": false,
              "pending": false,
              "context": null,
              "code": "const res = await client.get('/departments', { params: { limit: 5, offset: 0 } });\nexpectAllowed(res, 'SA GET /departments');",
              "err": {},
              "uuid": "d554f4a3-41ed-4950-8d46-eb609a2f8e5e",
              "parentUUID": "481dec55-08bd-4247-b3a7-5ee34939b4b7",
              "isHook": false,
              "skipped": false
            },
            {
              "title": "can list manufacturers",
              "fullTitle": "Super Admin: Full API Access Tests can list manufacturers",
              "timedOut": false,
              "duration": 10,
              "state": "passed",
              "speed": "fast",
              "pass": true,
              "fail": false,
              "pending": false,
              "context": null,
              "code": "const res = await client.get('/manufacturers', { params: { limit: 5, offset: 0 } });\nexpectAllowed(res, 'SA GET /manufacturers');",
              "err": {},
              "uuid": "c44319e1-7e87-4fa2-8239-d6d72086a79f",
              "parentUUID": "481dec55-08bd-4247-b3a7-5ee34939b4b7",
              "isHook": false,
              "skipped": false
            },
            {
              "title": "can list suppliers",
              "fullTitle": "Super Admin: Full API Access Tests can list suppliers",
              "timedOut": false,
              "duration": 9,
              "state": "passed",
              "speed": "fast",
              "pass": true,
              "fail": false,
              "pending": false,
              "context": null,
              "code": "const res = await client.get('/suppliers', { params: { limit: 5, offset: 0 } });\nexpectAllowed(res, 'SA GET /suppliers');",
              "err": {},
              "uuid": "2af18327-a749-4d66-8ea8-16825ea40637",
              "parentUUID": "481dec55-08bd-4247-b3a7-5ee34939b4b7",
              "isHook": false,
              "skipped": false
            },
            {
              "title": "can list categories",
              "fullTitle": "Super Admin: Full API Access Tests can list categories",
              "timedOut": false,
              "duration": 10,
              "state": "passed",
              "speed": "fast",
              "pass": true,
              "fail": false,
              "pending": false,
              "context": null,
              "code": "const res = await client.get('/categories', { params: { limit: 5, offset: 0 } });\nexpectAllowed(res, 'SA GET /categories');",
              "err": {},
              "uuid": "2a7d64b6-a0a2-4981-b31e-fb27b236ed55",
              "parentUUID": "481dec55-08bd-4247-b3a7-5ee34939b4b7",
              "isHook": false,
              "skipped": false
            },
            {
              "title": "can list status labels",
              "fullTitle": "Super Admin: Full API Access Tests can list status labels",
              "timedOut": false,
              "duration": 7,
              "state": "passed",
              "speed": "fast",
              "pass": true,
              "fail": false,
              "pending": false,
              "context": null,
              "code": "const res = await client.get('/statuslabels', { params: { limit: 5, offset: 0 } });\nexpectAllowed(res, 'SA GET /statuslabels');",
              "err": {},
              "uuid": "4c6fce2d-c348-47c9-9906-5cd0eb0a1ef9",
              "parentUUID": "481dec55-08bd-4247-b3a7-5ee34939b4b7",
              "isHook": false,
              "skipped": false
            },
            {
              "title": "can list models",
              "fullTitle": "Super Admin: Full API Access Tests can list models",
              "timedOut": false,
              "duration": 12,
              "state": "passed",
              "speed": "fast",
              "pass": true,
              "fail": false,
              "pending": false,
              "context": null,
              "code": "const res = await client.get('/models', { params: { limit: 5, offset: 0 } });\nexpectAllowed(res, 'SA GET /models');",
              "err": {},
              "uuid": "f0c46c27-b54a-4c47-bb6a-7c521ee4787b",
              "parentUUID": "481dec55-08bd-4247-b3a7-5ee34939b4b7",
              "isHook": false,
              "skipped": false
            },
            {
              "title": "can list depreciations",
              "fullTitle": "Super Admin: Full API Access Tests can list depreciations",
              "timedOut": false,
              "duration": 8,
              "state": "passed",
              "speed": "fast",
              "pass": true,
              "fail": false,
              "pending": false,
              "context": null,
              "code": "const res = await client.get('/depreciations', { params: { limit: 5, offset: 0 } });\nexpectAllowed(res, 'SA GET /depreciations');",
              "err": {},
              "uuid": "d9458961-aad6-4b59-b883-540ca2416109",
              "parentUUID": "481dec55-08bd-4247-b3a7-5ee34939b4b7",
              "isHook": false,
              "skipped": false
            },
            {
              "title": "can access activity reports",
              "fullTitle": "Super Admin: Full API Access Tests can access activity reports",
              "timedOut": false,
              "duration": 13,
              "state": "passed",
              "speed": "fast",
              "pass": true,
              "fail": false,
              "pending": false,
              "context": null,
              "code": "const res = await client.get('/reports/activity', { params: { limit: 5, offset: 0 } });\nexpectAllowed(res, 'SA GET /reports/activity');",
              "err": {},
              "uuid": "42bbc472-beca-439a-9534-9b2345eac2af",
              "parentUUID": "481dec55-08bd-4247-b3a7-5ee34939b4b7",
              "isHook": false,
              "skipped": false
            },
            {
              "title": "can access dashboard chart",
              "fullTitle": "Super Admin: Full API Access Tests can access dashboard chart",
              "timedOut": false,
              "duration": 11,
              "state": "passed",
              "speed": "fast",
              "pass": true,
              "fail": false,
              "pending": false,
              "context": null,
              "code": "const res = await client.get('/users/chart');\nexpectAllowed(res, 'SA GET /users/chart');",
              "err": {},
              "uuid": "26330c0f-fe4e-41ef-8b12-b4282d45481a",
              "parentUUID": "481dec55-08bd-4247-b3a7-5ee34939b4b7",
              "isHook": false,
              "skipped": false
            },
            {
              "title": "can create a group WITH superuser permission and it sticks",
              "fullTitle": "Super Admin: Full API Access Tests can create a group WITH superuser permission and it sticks",
              "timedOut": false,
              "duration": 32,
              "state": "passed",
              "speed": "fast",
              "pass": true,
              "fail": false,
              "pending": false,
              "context": null,
              "code": "const name = `SA Test Group ${Date.now()}`;\nconst res = await client.post('/groups', {\n  name,\n  permissions: { superuser: '1', admin: true }\n});\nexpectAllowed(res, 'SA POST /groups with superuser:1');\nconst id = res.data?.id || res.data?.payload?.id;\nexpect(id, 'Created group ID').to.exist;\nif (id) {\n  // Verify the group was saved with superuser: '1'\n  const fetchRes = await client.get(`/groups/${id}`);\n  expectAllowed(fetchRes, 'SA GET /groups/:id after creation');\n  const perms = fetchRes.data?.permissions;\n  expect(perms?.superuser).to.be.oneOf(['1', 1, true]);\n  // Cleanup\n  await client.delete(`/groups/${id}`);\n}",
              "err": {},
              "uuid": "2e134286-353f-4bbd-ae56-36d436aa7ed7",
              "parentUUID": "481dec55-08bd-4247-b3a7-5ee34939b4b7",
              "isHook": false,
              "skipped": false
            }
          ],
          "suites": [],
          "passes": [
            "11bcfd85-cb74-4130-936a-1e952eb20eff",
            "d2151bb6-ffb7-4fc7-85ad-27da6d355b17",
            "26d84f0b-06ed-4cbe-b935-8bd9606014f6",
            "b9b3d5ab-273a-4517-b5c2-331b7045c9ca",
            "98a25ec1-ae9f-4c45-b37f-1f84c4471cf7",
            "7ec57947-025e-4d34-a207-66e77008b52d",
            "16681253-2d4d-4aec-94fb-3dfe95f7b4a2",
            "4eac0103-457a-4f5a-b95a-cb9a1aa14382",
            "3316f7e0-0c08-4004-afa6-6f9939417d7b",
            "c68fbe62-9b58-4af3-a951-84bdfc46ee32",
            "d95d65fd-ef2f-4dd4-8379-1c95f1bd5795",
            "d554f4a3-41ed-4950-8d46-eb609a2f8e5e",
            "c44319e1-7e87-4fa2-8239-d6d72086a79f",
            "2af18327-a749-4d66-8ea8-16825ea40637",
            "2a7d64b6-a0a2-4981-b31e-fb27b236ed55",
            "4c6fce2d-c348-47c9-9906-5cd0eb0a1ef9",
            "f0c46c27-b54a-4c47-bb6a-7c521ee4787b",
            "d9458961-aad6-4b59-b883-540ca2416109",
            "42bbc472-beca-439a-9534-9b2345eac2af",
            "26330c0f-fe4e-41ef-8b12-b4282d45481a",
            "2e134286-353f-4bbd-ae56-36d436aa7ed7"
          ],
          "failures": [],
          "pending": [],
          "skipped": [],
          "duration": 298,
          "root": false,
          "rootEmpty": false,
          "_timeout": 60000
        },
        {
          "uuid": "99ba8cc2-9d1d-4fa7-9adc-0921534dd2e8",
          "title": "Group Permissions: Enable/Disable per-permission tests",
          "fullFile": "C:\\Office Folder\\Projects\\Maphy\\Maphy\\automation_tests\\specs\\rbac\\role_groups_permissions.spec.js",
          "file": "\\specs\\rbac\\role_groups_permissions.spec.js",
          "beforeHooks": [
            {
              "title": "\"before all\" hook in \"Group Permissions: Enable/Disable per-permission tests\"",
              "fullTitle": "Group Permissions: Enable/Disable per-permission tests \"before all\" hook in \"Group Permissions: Enable/Disable per-permission tests\"",
              "timedOut": false,
              "duration": 18,
              "state": null,
              "speed": null,
              "pass": false,
              "fail": false,
              "pending": false,
              "context": null,
              "code": "const adminCtx = await loginAs('admin');\nadminClient = adminCtx.client;\napiUrl = adminCtx.apiUrl;\n// Save manager's current group assignments for restoration\noriginalGroupIds = await getManagerGroups(adminClient);",
              "err": {},
              "uuid": "b9f4bd15-3722-4a28-b683-3879a7775a02",
              "parentUUID": "99ba8cc2-9d1d-4fa7-9adc-0921534dd2e8",
              "isHook": true,
              "skipped": false
            }
          ],
          "afterHooks": [
            {
              "title": "\"after all\" hook in \"Group Permissions: Enable/Disable per-permission tests\"",
              "fullTitle": "Group Permissions: Enable/Disable per-permission tests \"after all\" hook in \"Group Permissions: Enable/Disable per-permission tests\"",
              "timedOut": false,
              "duration": 48,
              "state": null,
              "speed": null,
              "pass": false,
              "fail": false,
              "pending": false,
              "context": null,
              "code": "// Always try to restore the manager's original groups after the suite\nif (originalGroupIds.length > 0) {\n  try {\n    await setManagerGroup(adminClient, originalGroupIds[0]);\n    console.log(`✓ Manager groups restored: ${originalGroupIds}`);\n  } catch (e) {\n    console.error(`⚠ Failed to restore manager groups: ${e.message}`);\n  }\n}",
              "err": {},
              "uuid": "23ffdc2b-6dcc-43f9-bf9c-4b04d150769a",
              "parentUUID": "99ba8cc2-9d1d-4fa7-9adc-0921534dd2e8",
              "isHook": true,
              "skipped": false
            }
          ],
          "tests": [],
          "suites": [
            {
              "uuid": "96fb18f0-2246-45a0-be11-87fd01e9ad41",
              "title": "[assetsview] can list hardware assets",
              "fullFile": "C:\\Office Folder\\Projects\\Maphy\\Maphy\\automation_tests\\specs\\rbac\\role_groups_permissions.spec.js",
              "file": "\\specs\\rbac\\role_groups_permissions.spec.js",
              "beforeHooks": [
                {
                  "title": "\"before all\" hook in \"[assetsview] can list hardware assets\"",
                  "fullTitle": "Group Permissions: Enable/Disable per-permission tests [assetsview] can list hardware assets \"before all\" hook in \"[assetsview] can list hardware assets\"",
                  "timedOut": false,
                  "duration": 58,
                  "state": null,
                  "speed": null,
                  "pass": false,
                  "fail": false,
                  "pending": false,
                  "context": null,
                  "code": "// Optional: set up resources needed for this test\nif (tc.setup) {\n  ctx = await tc.setup(adminClient);\n}\n// 1. Create test group with ONLY this permission enabled\ntestGroupId = await createTestGroup(adminClient, tc.name, [tc.perm]);\n// 2. Assign manager to this group\nconst assignRes = await setManagerGroup(adminClient, testGroupId);\nexpect(assignRes.status, `Assign manager to test group \"${tc.name}\"`).to.be.lessThan(300);",
                  "err": {},
                  "uuid": "b0947286-6ec6-4e24-b06d-10ade6bd89fe",
                  "parentUUID": "96fb18f0-2246-45a0-be11-87fd01e9ad41",
                  "isHook": true,
                  "skipped": false
                }
              ],
              "afterHooks": [
                {
                  "title": "\"after all\" hook in \"[assetsview] can list hardware assets\"",
                  "fullTitle": "Group Permissions: Enable/Disable per-permission tests [assetsview] can list hardware assets \"after all\" hook in \"[assetsview] can list hardware assets\"",
                  "timedOut": false,
                  "duration": 12,
                  "state": null,
                  "speed": null,
                  "pass": false,
                  "fail": false,
                  "pending": false,
                  "context": null,
                  "code": "// Cleanup: delete test group (will restore original groups in top-level after)\nif (testGroupId) {\n  await adminClient.delete(`/groups/${testGroupId}`).catch(() => {});\n}\nif (tc.teardown) {\n  await tc.teardown(adminClient, ctx).catch((e) => console.error(`Teardown error: ${e.message}`));\n}",
                  "err": {},
                  "uuid": "c4984c2f-bc1f-40af-9d60-fb093e3e89b3",
                  "parentUUID": "96fb18f0-2246-45a0-be11-87fd01e9ad41",
                  "isHook": true,
                  "skipped": false
                }
              ],
              "tests": [
                {
                  "title": "[ENABLED] \"assetsview\" permission → endpoint is accessible (2xx)",
                  "fullTitle": "Group Permissions: Enable/Disable per-permission tests [assetsview] can list hardware assets [ENABLED] \"assetsview\" permission → endpoint is accessible (2xx)",
                  "timedOut": false,
                  "duration": 224,
                  "state": "passed",
                  "speed": "slow",
                  "pass": true,
                  "fail": false,
                  "pending": false,
                  "context": null,
                  "code": "const mgrClient = await loginManager(apiUrl);\nawait tc.enabledCheck(mgrClient, ctx);",
                  "err": {},
                  "uuid": "77cd00fe-d6a4-4a6a-b450-de00c483632e",
                  "parentUUID": "96fb18f0-2246-45a0-be11-87fd01e9ad41",
                  "isHook": false,
                  "skipped": false
                },
                {
                  "title": "[DISABLED] \"assetsview\" permission OFF → endpoint is blocked (403)",
                  "fullTitle": "Group Permissions: Enable/Disable per-permission tests [assetsview] can list hardware assets [DISABLED] \"assetsview\" permission OFF → endpoint is blocked (403)",
                  "timedOut": false,
                  "duration": 192,
                  "state": "passed",
                  "speed": "slow",
                  "pass": true,
                  "fail": false,
                  "pending": false,
                  "context": null,
                  "code": "// Update the group: remove the permission (set all to false)\nawait updateGroupPermissions(adminClient, testGroupId, []);\n// Login fresh — new token reflects the updated permissions\nconst mgrClient = await loginManager(apiUrl);\nawait tc.disabledCheck(mgrClient, ctx);",
                  "err": {},
                  "uuid": "df3533f0-fe83-4c85-96b9-8c0224e7e361",
                  "parentUUID": "96fb18f0-2246-45a0-be11-87fd01e9ad41",
                  "isHook": false,
                  "skipped": false
                }
              ],
              "suites": [],
              "passes": [
                "77cd00fe-d6a4-4a6a-b450-de00c483632e",
                "df3533f0-fe83-4c85-96b9-8c0224e7e361"
              ],
              "failures": [],
              "pending": [],
              "skipped": [],
              "duration": 416,
              "root": false,
              "rootEmpty": false,
              "_timeout": 300000
            },
            {
              "uuid": "a79b6ba2-132d-45af-a8e0-493db192b235",
              "title": "[accessoriesview] can list accessories",
              "fullFile": "C:\\Office Folder\\Projects\\Maphy\\Maphy\\automation_tests\\specs\\rbac\\role_groups_permissions.spec.js",
              "file": "\\specs\\rbac\\role_groups_permissions.spec.js",
              "beforeHooks": [
                {
                  "title": "\"before all\" hook in \"[accessoriesview] can list accessories\"",
                  "fullTitle": "Group Permissions: Enable/Disable per-permission tests [accessoriesview] can list accessories \"before all\" hook in \"[accessoriesview] can list accessories\"",
                  "timedOut": false,
                  "duration": 48,
                  "state": null,
                  "speed": null,
                  "pass": false,
                  "fail": false,
                  "pending": false,
                  "context": null,
                  "code": "// Optional: set up resources needed for this test\nif (tc.setup) {\n  ctx = await tc.setup(adminClient);\n}\n// 1. Create test group with ONLY this permission enabled\ntestGroupId = await createTestGroup(adminClient, tc.name, [tc.perm]);\n// 2. Assign manager to this group\nconst assignRes = await setManagerGroup(adminClient, testGroupId);\nexpect(assignRes.status, `Assign manager to test group \"${tc.name}\"`).to.be.lessThan(300);",
                  "err": {},
                  "uuid": "1986f50e-8730-4517-ab80-d6e0fc21be3d",
                  "parentUUID": "a79b6ba2-132d-45af-a8e0-493db192b235",
                  "isHook": true,
                  "skipped": false
                }
              ],
              "afterHooks": [
                {
                  "title": "\"after all\" hook in \"[accessoriesview] can list accessories\"",
                  "fullTitle": "Group Permissions: Enable/Disable per-permission tests [accessoriesview] can list accessories \"after all\" hook in \"[accessoriesview] can list accessories\"",
                  "timedOut": false,
                  "duration": 17,
                  "state": null,
                  "speed": null,
                  "pass": false,
                  "fail": false,
                  "pending": false,
                  "context": null,
                  "code": "// Cleanup: delete test group (will restore original groups in top-level after)\nif (testGroupId) {\n  await adminClient.delete(`/groups/${testGroupId}`).catch(() => {});\n}\nif (tc.teardown) {\n  await tc.teardown(adminClient, ctx).catch((e) => console.error(`Teardown error: ${e.message}`));\n}",
                  "err": {},
                  "uuid": "b3a40335-e1bd-44f5-82f6-99e75f1dc2bb",
                  "parentUUID": "a79b6ba2-132d-45af-a8e0-493db192b235",
                  "isHook": true,
                  "skipped": false
                }
              ],
              "tests": [
                {
                  "title": "[ENABLED] \"accessoriesview\" permission → endpoint is accessible (2xx)",
                  "fullTitle": "Group Permissions: Enable/Disable per-permission tests [accessoriesview] can list accessories [ENABLED] \"accessoriesview\" permission → endpoint is accessible (2xx)",
                  "timedOut": false,
                  "duration": 164,
                  "state": "passed",
                  "speed": "slow",
                  "pass": true,
                  "fail": false,
                  "pending": false,
                  "context": null,
                  "code": "const mgrClient = await loginManager(apiUrl);\nawait tc.enabledCheck(mgrClient, ctx);",
                  "err": {},
                  "uuid": "d0c77403-020a-4925-9bdd-600f778721c1",
                  "parentUUID": "a79b6ba2-132d-45af-a8e0-493db192b235",
                  "isHook": false,
                  "skipped": false
                },
                {
                  "title": "[DISABLED] \"accessoriesview\" permission OFF → endpoint is blocked (403)",
                  "fullTitle": "Group Permissions: Enable/Disable per-permission tests [accessoriesview] can list accessories [DISABLED] \"accessoriesview\" permission OFF → endpoint is blocked (403)",
                  "timedOut": false,
                  "duration": 189,
                  "state": "passed",
                  "speed": "slow",
                  "pass": true,
                  "fail": false,
                  "pending": false,
                  "context": null,
                  "code": "// Update the group: remove the permission (set all to false)\nawait updateGroupPermissions(adminClient, testGroupId, []);\n// Login fresh — new token reflects the updated permissions\nconst mgrClient = await loginManager(apiUrl);\nawait tc.disabledCheck(mgrClient, ctx);",
                  "err": {},
                  "uuid": "99a4e463-7e63-4fbf-9ea3-2b20fff5374b",
                  "parentUUID": "a79b6ba2-132d-45af-a8e0-493db192b235",
                  "isHook": false,
                  "skipped": false
                }
              ],
              "suites": [],
              "passes": [
                "d0c77403-020a-4925-9bdd-600f778721c1",
                "99a4e463-7e63-4fbf-9ea3-2b20fff5374b"
              ],
              "failures": [],
              "pending": [],
              "skipped": [],
              "duration": 353,
              "root": false,
              "rootEmpty": false,
              "_timeout": 300000
            },
            {
              "uuid": "615c305f-3c75-4b90-aa6c-ded41bddd39a",
              "title": "[consumablesview] can list consumables",
              "fullFile": "C:\\Office Folder\\Projects\\Maphy\\Maphy\\automation_tests\\specs\\rbac\\role_groups_permissions.spec.js",
              "file": "\\specs\\rbac\\role_groups_permissions.spec.js",
              "beforeHooks": [
                {
                  "title": "\"before all\" hook in \"[consumablesview] can list consumables\"",
                  "fullTitle": "Group Permissions: Enable/Disable per-permission tests [consumablesview] can list consumables \"before all\" hook in \"[consumablesview] can list consumables\"",
                  "timedOut": false,
                  "duration": 71,
                  "state": null,
                  "speed": null,
                  "pass": false,
                  "fail": false,
                  "pending": false,
                  "context": null,
                  "code": "// Optional: set up resources needed for this test\nif (tc.setup) {\n  ctx = await tc.setup(adminClient);\n}\n// 1. Create test group with ONLY this permission enabled\ntestGroupId = await createTestGroup(adminClient, tc.name, [tc.perm]);\n// 2. Assign manager to this group\nconst assignRes = await setManagerGroup(adminClient, testGroupId);\nexpect(assignRes.status, `Assign manager to test group \"${tc.name}\"`).to.be.lessThan(300);",
                  "err": {},
                  "uuid": "685d38da-77f6-4f52-9deb-16762823d7b3",
                  "parentUUID": "615c305f-3c75-4b90-aa6c-ded41bddd39a",
                  "isHook": true,
                  "skipped": false
                }
              ],
              "afterHooks": [
                {
                  "title": "\"after all\" hook in \"[consumablesview] can list consumables\"",
                  "fullTitle": "Group Permissions: Enable/Disable per-permission tests [consumablesview] can list consumables \"after all\" hook in \"[consumablesview] can list consumables\"",
                  "timedOut": false,
                  "duration": 15,
                  "state": null,
                  "speed": null,
                  "pass": false,
                  "fail": false,
                  "pending": false,
                  "context": null,
                  "code": "// Cleanup: delete test group (will restore original groups in top-level after)\nif (testGroupId) {\n  await adminClient.delete(`/groups/${testGroupId}`).catch(() => {});\n}\nif (tc.teardown) {\n  await tc.teardown(adminClient, ctx).catch((e) => console.error(`Teardown error: ${e.message}`));\n}",
                  "err": {},
                  "uuid": "3862aef9-27c8-40ab-adfa-4961c8d86143",
                  "parentUUID": "615c305f-3c75-4b90-aa6c-ded41bddd39a",
                  "isHook": true,
                  "skipped": false
                }
              ],
              "tests": [
                {
                  "title": "[ENABLED] \"consumablesview\" permission → endpoint is accessible (2xx)",
                  "fullTitle": "Group Permissions: Enable/Disable per-permission tests [consumablesview] can list consumables [ENABLED] \"consumablesview\" permission → endpoint is accessible (2xx)",
                  "timedOut": false,
                  "duration": 196,
                  "state": "passed",
                  "speed": "slow",
                  "pass": true,
                  "fail": false,
                  "pending": false,
                  "context": null,
                  "code": "const mgrClient = await loginManager(apiUrl);\nawait tc.enabledCheck(mgrClient, ctx);",
                  "err": {},
                  "uuid": "06dcd05d-e3cf-414e-a829-fa449e7077d5",
                  "parentUUID": "615c305f-3c75-4b90-aa6c-ded41bddd39a",
                  "isHook": false,
                  "skipped": false
                },
                {
                  "title": "[DISABLED] \"consumablesview\" permission OFF → endpoint is blocked (403)",
                  "fullTitle": "Group Permissions: Enable/Disable per-permission tests [consumablesview] can list consumables [DISABLED] \"consumablesview\" permission OFF → endpoint is blocked (403)",
                  "timedOut": false,
                  "duration": 204,
                  "state": "passed",
                  "speed": "slow",
                  "pass": true,
                  "fail": false,
                  "pending": false,
                  "context": null,
                  "code": "// Update the group: remove the permission (set all to false)\nawait updateGroupPermissions(adminClient, testGroupId, []);\n// Login fresh — new token reflects the updated permissions\nconst mgrClient = await loginManager(apiUrl);\nawait tc.disabledCheck(mgrClient, ctx);",
                  "err": {},
                  "uuid": "843ef2be-96d7-4fe4-9d12-9f3dcb4d7431",
                  "parentUUID": "615c305f-3c75-4b90-aa6c-ded41bddd39a",
                  "isHook": false,
                  "skipped": false
                }
              ],
              "suites": [],
              "passes": [
                "06dcd05d-e3cf-414e-a829-fa449e7077d5",
                "843ef2be-96d7-4fe4-9d12-9f3dcb4d7431"
              ],
              "failures": [],
              "pending": [],
              "skipped": [],
              "duration": 400,
              "root": false,
              "rootEmpty": false,
              "_timeout": 300000
            },
            {
              "uuid": "74aa7285-282d-4d20-9c7b-08fbfa36c7d8",
              "title": "[licensesview] can list licenses",
              "fullFile": "C:\\Office Folder\\Projects\\Maphy\\Maphy\\automation_tests\\specs\\rbac\\role_groups_permissions.spec.js",
              "file": "\\specs\\rbac\\role_groups_permissions.spec.js",
              "beforeHooks": [
                {
                  "title": "\"before all\" hook in \"[licensesview] can list licenses\"",
                  "fullTitle": "Group Permissions: Enable/Disable per-permission tests [licensesview] can list licenses \"before all\" hook in \"[licensesview] can list licenses\"",
                  "timedOut": false,
                  "duration": 64,
                  "state": null,
                  "speed": null,
                  "pass": false,
                  "fail": false,
                  "pending": false,
                  "context": null,
                  "code": "// Optional: set up resources needed for this test\nif (tc.setup) {\n  ctx = await tc.setup(adminClient);\n}\n// 1. Create test group with ONLY this permission enabled\ntestGroupId = await createTestGroup(adminClient, tc.name, [tc.perm]);\n// 2. Assign manager to this group\nconst assignRes = await setManagerGroup(adminClient, testGroupId);\nexpect(assignRes.status, `Assign manager to test group \"${tc.name}\"`).to.be.lessThan(300);",
                  "err": {},
                  "uuid": "39eae371-5929-4ac0-b1fc-84cf1763c6ad",
                  "parentUUID": "74aa7285-282d-4d20-9c7b-08fbfa36c7d8",
                  "isHook": true,
                  "skipped": false
                }
              ],
              "afterHooks": [
                {
                  "title": "\"after all\" hook in \"[licensesview] can list licenses\"",
                  "fullTitle": "Group Permissions: Enable/Disable per-permission tests [licensesview] can list licenses \"after all\" hook in \"[licensesview] can list licenses\"",
                  "timedOut": false,
                  "duration": 14,
                  "state": null,
                  "speed": null,
                  "pass": false,
                  "fail": false,
                  "pending": false,
                  "context": null,
                  "code": "// Cleanup: delete test group (will restore original groups in top-level after)\nif (testGroupId) {\n  await adminClient.delete(`/groups/${testGroupId}`).catch(() => {});\n}\nif (tc.teardown) {\n  await tc.teardown(adminClient, ctx).catch((e) => console.error(`Teardown error: ${e.message}`));\n}",
                  "err": {},
                  "uuid": "60031642-fb5a-4e0c-ab69-8d8ec9207223",
                  "parentUUID": "74aa7285-282d-4d20-9c7b-08fbfa36c7d8",
                  "isHook": true,
                  "skipped": false
                }
              ],
              "tests": [
                {
                  "title": "[ENABLED] \"licensesview\" permission → endpoint is accessible (2xx)",
                  "fullTitle": "Group Permissions: Enable/Disable per-permission tests [licensesview] can list licenses [ENABLED] \"licensesview\" permission → endpoint is accessible (2xx)",
                  "timedOut": false,
                  "duration": 207,
                  "state": "passed",
                  "speed": "slow",
                  "pass": true,
                  "fail": false,
                  "pending": false,
                  "context": null,
[...]
                  "state": "passed",
                  "speed": "slow",
                  "pass": true,
                  "fail": false,
                  "pending": false,
                  "context": null,
                  "code": "// Update the group: remove the permission (set all to false)\nawait updateGroupPermissions(adminClient, testGroupId, []);\n// Login fresh — new token reflects the updated permissions\nconst mgrClient = await loginManager(apiUrl);\nawait tc.disabledCheck(mgrClient, ctx);",
                  "err": {},
                  "uuid": "b60adaa9-49f8-4b9e-87a4-3f793c534d46",
                  "parentUUID": "edf2576d-2a70-44a0-a8ee-bb001bde2da7",
                  "isHook": false,
                  "skipped": false
                }
              ],
              "suites": [],
              "passes": [
                "eeb7036b-dbe0-426d-b2a6-448fbfa188b2",
                "b60adaa9-49f8-4b9e-87a4-3f793c534d46"
              ],
              "failures": [],
              "pending": [],
              "skipped": [],
              "duration": 428,
              "root": false,
              "rootEmpty": false,
              "_timeout": 300000
            }
          ],
          "passes": [],
          "failures": [],
          "pending": [],
          "skipped": [],
          "duration": 0,
          "root": false,
          "rootEmpty": false,
          "_timeout": 300000
        },
        {
          "uuid": "52cb6070-075e-4ad0-89cd-9b8038bf214a",
          "title": "Group Management: Super Admin visibility per role",
          "fullFile": "C:\\Office Folder\\Projects\\Maphy\\Maphy\\automation_tests\\specs\\rbac\\role_groups_permissions.spec.js",
          "file": "\\specs\\rbac\\role_groups_permissions.spec.js",
          "beforeHooks": [],
          "afterHooks": [],
          "tests": [
            {
              "title": "Super Admin SEES Super Admin group in list",
              "fullTitle": "Group Management: Super Admin visibility per role Super Admin SEES Super Admin group in list",
              "timedOut": false,
              "duration": 14,
              "state": "passed",
              "speed": "fast",
              "pass": true,
              "fail": false,
              "pending": false,
              "context": null,
              "code": "const ctx = await loginAs('superAdmin');\nconst res = await ctx.client.get('/groups', { params: { limit: 50, offset: 0 } });\nexpect(res.status).to.equal(200);\nassertSuperAdminGroupPresent(res, 'SA');",
              "err": {},
              "uuid": "0f3b5b10-6f4e-4ab5-8433-16c1c5297799",
              "parentUUID": "52cb6070-075e-4ad0-89cd-9b8038bf214a",
              "isHook": false,
              "skipped": false
            },
            {
              "title": "Admin does NOT see Super Admin group in list",
              "fullTitle": "Group Management: Super Admin visibility per role Admin does NOT see Super Admin group in list",
              "timedOut": false,
              "duration": 11,
              "state": "passed",
              "speed": "fast",
              "pass": true,
              "fail": false,
              "pending": false,
              "context": null,
              "code": "const ctx = await loginAs('admin');\nconst res = await ctx.client.get('/groups', { params: { limit: 50, offset: 0 } });\nexpect(res.status).to.equal(200);\nassertSuperAdminGroupAbsent(res, 'Admin');",
              "err": {},
              "uuid": "e78d5f5b-95be-435b-9be3-74bc39bdf0a1",
              "parentUUID": "52cb6070-075e-4ad0-89cd-9b8038bf214a",
              "isHook": false,
              "skipped": false
            },
            {
              "title": "Admin does NOT see Super Admin in selectList",
              "fullTitle": "Group Management: Super Admin visibility per role Admin does NOT see Super Admin in selectList",
              "timedOut": false,
              "duration": 12,
              "state": "passed",
              "speed": "fast",
              "pass": true,
              "fail": false,
              "pending": false,
              "context": null,
              "code": "const ctx = await loginAs('admin');\nconst res = await ctx.client.get('/groups/selectList');\nexpect(res.status).to.equal(200);\nconst items = res.data?.items || [];\nconst found = items.find(i => i.text?.toLowerCase() === 'super admin');\nexpect(found, 'Super Admin should NOT appear in Admin selectList').to.be.undefined;",
              "err": {},
              "uuid": "2cba3a90-1fd6-4e9a-bda4-d0de1c6f92b3",
              "parentUUID": "52cb6070-075e-4ad0-89cd-9b8038bf214a",
              "isHook": false,
              "skipped": false
            },
            {
              "title": "Manager does NOT see Super Admin in any groups list",
              "fullTitle": "Group Management: Super Admin visibility per role Manager does NOT see Super Admin in any groups list",
              "timedOut": false,
              "duration": 11,
              "state": "passed",
              "speed": "fast",
              "pass": true,
              "fail": false,
              "pending": false,
              "context": null,
              "code": "const ctx = await loginAs('manager');\nconst res = await ctx.client.get('/groups', { params: { limit: 50, offset: 0 } });\nif (res.status === 200) {\n  assertSuperAdminGroupAbsent(res, 'Manager');\n}\nexpect(res.status).to.be.lessThan(500);",
              "err": {},
              "uuid": "3512ee95-961e-4da9-8fec-2137ba77bb9f",
              "parentUUID": "52cb6070-075e-4ad0-89cd-9b8038bf214a",
              "isHook": false,
              "skipped": false
            },
            {
              "title": "Super Admin can assign superuser:1 to a group and it persists",
              "fullTitle": "Group Management: Super Admin visibility per role Super Admin can assign superuser:1 to a group and it persists",
              "timedOut": false,
              "duration": 30,
              "state": "passed",
              "speed": "fast",
              "pass": true,
              "fail": false,
              "pending": false,
              "context": null,
              "code": "const ctx = await loginAs('superAdmin');\nconst name = uniqueName('SA Perm Test');\nconst createRes = await ctx.client.post('/groups', {\n  name,\n  permissions: { superuser: '1', admin: true }\n});\nexpectAllowed(createRes, 'SA create superuser group');\nconst id = createRes.data?.id || createRes.data?.payload?.id;\nexpect(id, 'Group ID').to.exist;\nconst fetchRes = await ctx.client.get(`/groups/${id}`);\nexpectAllowed(fetchRes, 'SA fetch superuser group');\nexpect(fetchRes.data?.permissions?.superuser).to.be.oneOf(['1', 1, true]);\nawait ctx.client.delete(`/groups/${id}`);",
              "err": {},
              "uuid": "fcc04bcb-c70f-486f-b068-ef0becf5e10b",
              "parentUUID": "52cb6070-075e-4ad0-89cd-9b8038bf214a",
              "isHook": false,
              "skipped": false
            },
            {
              "title": "Admin CANNOT create a group with superuser:1 — it is stripped",
              "fullTitle": "Group Management: Super Admin visibility per role Admin CANNOT create a group with superuser:1 — it is stripped",
              "timedOut": false,
              "duration": 30,
              "state": "passed",
              "speed": "fast",
              "pass": true,
              "fail": false,
              "pending": false,
              "context": null,
              "code": "const ctx = await loginAs('admin');\nconst name = uniqueName('Admin Escalation Test');\nconst createRes = await ctx.client.post('/groups', {\n  name,\n  permissions: { superuser: '1', admin: true }\n});\nexpectAllowed(createRes, 'Admin create group (superuser stripped)');\nconst id = createRes.data?.id || createRes.data?.payload?.id;\nexpect(id).to.exist;\nconst fetchRes = await ctx.client.get(`/groups/${id}`);\nif (fetchRes.status === 200) {\n  const superuser = fetchRes.data?.permissions?.superuser;\n  expect(superuser).to.be.oneOf(['0', 0, false, undefined, null]);\n}\nawait ctx.client.delete(`/groups/${id}`).catch(() => {});",
              "err": {},
              "uuid": "99930257-623d-428e-a15b-aece417de6be",
              "parentUUID": "52cb6070-075e-4ad0-89cd-9b8038bf214a",
              "isHook": false,
              "skipped": false
            }
          ],
          "suites": [],
          "passes": [
            "0f3b5b10-6f4e-4ab5-8433-16c1c5297799",
            "e78d5f5b-95be-435b-9be3-74bc39bdf0a1",
            "2cba3a90-1fd6-4e9a-bda4-d0de1c6f92b3",
            "3512ee95-961e-4da9-8fec-2137ba77bb9f",
            "fcc04bcb-c70f-486f-b068-ef0becf5e10b",
            "99930257-623d-428e-a15b-aece417de6be"
          ],
          "failures": [],
          "pending": [],
          "skipped": [],
          "duration": 108,
          "root": false,
          "rootEmpty": false,
          "_timeout": 30000
        },
        {
          "uuid": "12b1ab36-4318-4d7c-a3cc-97a04b9dcdf9",
          "title": "Role Lifecycle: Admin Creates and Deletes Manager",
          "fullFile": "C:\\Office Folder\\Projects\\Maphy\\Maphy\\automation_tests\\specs\\rbac\\role_lifecycle.spec.js",
          "file": "\\specs\\rbac\\role_lifecycle.spec.js",
          "beforeHooks": [
            {
              "title": "\"before all\" hook in \"Role Lifecycle: Admin Creates and Deletes Manager\"",
              "fullTitle": "Role Lifecycle: Admin Creates and Deletes Manager \"before all\" hook in \"Role Lifecycle: Admin Creates and Deletes Manager\"",
              "timedOut": false,
              "duration": 2,
              "state": null,
              "speed": null,
              "pass": false,
              "fail": false,
              "pending": false,
              "context": null,
              "code": "const ctx = await loginAs('admin');\nadminClient = ctx.client;\napiUrl = ctx.apiUrl;",
              "err": {},
              "uuid": "a88047ba-e210-4ad1-80d7-3e7f937febe7",
              "parentUUID": "12b1ab36-4318-4d7c-a3cc-97a04b9dcdf9",
              "isHook": true,
              "skipped": false
            }
          ],
          "afterHooks": [],
          "tests": [
            {
              "title": "Admin: can list groups and find a Manager group",
              "fullTitle": "Role Lifecycle: Admin Creates and Deletes Manager Admin: can list groups and find a Manager group",
              "timedOut": false,
              "duration": 10,
              "state": "passed",
              "speed": "fast",
              "pass": true,
              "fail": false,
              "pending": false,
              "context": null,
              "code": "const res = await adminClient.get('/groups', { params: { limit: 50, offset: 0 } });\nexpectAllowed(res, 'Admin list groups');\nconst rows = res.data?.rows || [];\nexpect(rows.length, 'Should have at least one group').to.be.greaterThan(0);\n// Find a manager-level group (Branch Manager, or any non-admin group)\nconst managerGroup = rows.find(g =>\n  g.name?.toLowerCase().includes('manager') || g.name?.toLowerCase().includes('branch')\n) || rows.find(g => !g.name?.toLowerCase().includes('admin'))\n  || rows[rows.length - 1];\nexpect(managerGroup, 'A Manager-level group should exist').to.not.be.undefined;\nmanagerGroupId = managerGroup?.id;",
              "err": {},
              "uuid": "622a9268-6b5e-4ae6-8271-15c99e420cb7",
              "parentUUID": "12b1ab36-4318-4d7c-a3cc-97a04b9dcdf9",
              "isHook": false,
              "skipped": false
            },
            {
              "title": "Admin: can create a new Manager user",
              "fullTitle": "Role Lifecycle: Admin Creates and Deletes Manager Admin: can create a new Manager user",
              "timedOut": false,
              "duration": 161,
              "state": "passed",
              "speed": "slow",
              "pass": true,
              "fail": false,
              "pending": false,
              "context": null,
              "code": "const payload = {\n  first_name: 'LifecycleMgr',\n  last_name:  String(TS),\n  username:   `lc_mgr_${TS}`,\n  email:      TEST_MANAGER_EMAIL,\n  password:   TEST_MANAGER_PASS,\n  password_confirmation: TEST_MANAGER_PASS,\n  activated:  1,\n  group_id:   managerGroupId  // backend expects group_id (singular)\n};\nconst res = await adminClient.post('/users', payload);\nexpectAllowed(res, 'Admin create manager user');\nexpect(res.data?.id || res.data?.payload?.id, 'Created user ID').to.exist;\ncreatedManagerId = res.data?.id || res.data?.payload?.id;",
              "err": {},
              "uuid": "ad199808-ff7e-4e24-b8a2-bcdb539cbaf1",
              "parentUUID": "12b1ab36-4318-4d7c-a3cc-97a04b9dcdf9",
              "isHook": false,
              "skipped": false
            },
            {
              "title": "Created Manager: user exists in users list",
              "fullTitle": "Role Lifecycle: Admin Creates and Deletes Manager Created Manager: user exists in users list",
              "timedOut": false,
              "duration": 19,
              "state": "passed",
              "speed": "fast",
              "pass": true,
              "fail": false,
              "pending": false,
              "context": null,
              "code": "if (!createdManagerId) return this.skip();\nconst res = await adminClient.get(`/users/${createdManagerId}`);\n// Should be 200 or at least not 5xx\nexpect(res.status).to.be.lessThan(500);\n// Note: new users get a server-generated random password, not the submitted one.\n// So login with the submitted password will fail — this is expected platform behavior.",
              "err": {},
              "uuid": "726d2b06-d6ed-4ebf-909b-506864ccf966",
              "parentUUID": "12b1ab36-4318-4d7c-a3cc-97a04b9dcdf9",
              "isHook": false,
              "skipped": false
            },
            {
              "title": "Admin: can delete the created Manager user",
              "fullTitle": "Role Lifecycle: Admin Creates and Deletes Manager Admin: can delete the created Manager user",
              "timedOut": false,
              "duration": 18,
              "state": "passed",
              "speed": "fast",
              "pass": true,
              "fail": false,
              "pending": false,
              "context": null,
              "code": "if (!createdManagerId) return this.skip();\nconst res = await adminClient.delete(`/users/${createdManagerId}`);\nexpectAllowed(res, 'Admin delete manager');",
              "err": {},
              "uuid": "5bdf6be5-f09c-4703-b0ad-5c59f05b02f4",
              "parentUUID": "12b1ab36-4318-4d7c-a3cc-97a04b9dcdf9",
              "isHook": false,
              "skipped": false
            },
            {
              "title": "Deleted Manager: record no longer appears in active users",
              "fullTitle": "Role Lifecycle: Admin Creates and Deletes Manager Deleted Manager: record no longer appears in active users",
              "timedOut": false,
              "duration": 30,
              "state": "passed",
              "speed": "fast",
              "pass": true,
              "fail": false,
              "pending": false,
              "context": null,
              "code": "if (!createdManagerId) return this.skip();\n// Try fetching the deleted user - should be 404 or return null/empty\nconst res = await adminClient.get(`/users/${createdManagerId}`);\nconst isNotFound = res.status === 404 || !res.data?.id;\nconst isDeleted  = res.data?.deleted_at !== null && res.data?.deleted_at !== undefined;\nexpect(\n  isNotFound || isDeleted,\n  `Deleted user should be gone or soft-deleted. Got: HTTP ${res.status} — ${JSON.stringify(res.data).slice(0, 100)}`\n).to.be.true;",
              "err": {},
              "uuid": "4cf72bbf-13f6-432c-81f9-2edfedfb24f2",
              "parentUUID": "12b1ab36-4318-4d7c-a3cc-97a04b9dcdf9",
              "isHook": false,
              "skipped": false
            },
            {
              "title": "Super Admin: still functional after lifecycle operations",
              "fullTitle": "Role Lifecycle: Admin Creates and Deletes Manager Super Admin: still functional after lifecycle operations",
              "timedOut": false,
              "duration": 27,
              "state": "passed",
              "speed": "fast",
              "pass": true,
              "fail": false,
              "pending": false,
              "context": null,
              "code": "const ctx = await loginAs('superAdmin');\nconst res = await ctx.client.get('/users', { params: { limit: 1, offset: 0 } });\nexpectAllowed(res, 'SA still works after lifecycle');",
              "err": {},
              "uuid": "c90ca642-e324-4e0b-a735-561b70b7c01d",
              "parentUUID": "12b1ab36-4318-4d7c-a3cc-97a04b9dcdf9",
              "isHook": false,
              "skipped": false
            },
            {
              "title": "Admin (existing): can still log in and manage users",
              "fullTitle": "Role Lifecycle: Admin Creates and Deletes Manager Admin (existing): can still log in and manage users",
              "timedOut": false,
              "duration": 26,
              "state": "passed",
              "speed": "fast",
              "pass": true,
              "fail": false,
              "pending": false,
              "context": null,
              "code": "const ctx = await loginAs('admin');\nconst res = await ctx.client.get('/users', { params: { limit: 1, offset: 0 } });\nexpectAllowed(res, 'Existing admin still works after lifecycle');",
              "err": {},
              "uuid": "5ab067a7-4634-4eb5-85d8-a27a8573449c",
              "parentUUID": "12b1ab36-4318-4d7c-a3cc-97a04b9dcdf9",
              "isHook": false,
              "skipped": false
            },
            {
              "title": "Manager (existing): can still log in",
              "fullTitle": "Role Lifecycle: Admin Creates and Deletes Manager Manager (existing): can still log in",
              "timedOut": false,
              "duration": 2,
              "state": "passed",
              "speed": "fast",
              "pass": true,
              "fail": false,
              "pending": false,
              "context": null,
              "code": "const ctx = await loginAs('manager');\nexpect(ctx.token, 'Manager token should exist').to.be.a('string').and.not.be.empty;",
              "err": {},
              "uuid": "df637e43-a31c-4445-a510-a5257338d6c6",
              "parentUUID": "12b1ab36-4318-4d7c-a3cc-97a04b9dcdf9",
              "isHook": false,
              "skipped": false
            }
          ],
          "suites": [],
          "passes": [
            "622a9268-6b5e-4ae6-8271-15c99e420cb7",
            "ad199808-ff7e-4e24-b8a2-bcdb539cbaf1",
            "726d2b06-d6ed-4ebf-909b-506864ccf966",
            "5bdf6be5-f09c-4703-b0ad-5c59f05b02f4",
            "4cf72bbf-13f6-432c-81f9-2edfedfb24f2",
            "c90ca642-e324-4e0b-a735-561b70b7c01d",
            "5ab067a7-4634-4eb5-85d8-a27a8573449c",
            "df637e43-a31c-4445-a510-a5257338d6c6"
          ],
          "failures": [],
          "pending": [],
          "skipped": [],
          "duration": 293,
          "root": false,
          "rootEmpty": false,
          "_timeout": 60000
        }
      ],
      "passes": [],
      "failures": [],
      "pending": [],
      "skipped": [],
      "duration": 0,
      "root": true,
      "rootEmpty": true,
      "_timeout": 300000
    }
  ],
  "meta": {
    "mocha": {
      "version": "10.8.2"
    },
    "mochawesome": {
      "options": {
        "quiet": false,
        "reportFilename": "mochawesome",
        "saveHtml": true,
        "saveJson": true,
        "consoleReporter": "spec",
        "useInlineDiffs": false,
        "code": true
      },
      "version": "7.1.4"
    },
    "marge": {
      "options": null,
      "version": "6.3.2"
    }
  }
}